<?xml version="1.0" encoding="UTF-8"?>
<testsuite name="com.juneco.spring.advance.ApplicationTests" tests="1" skipped="0" failures="0" errors="0" timestamp="2022-02-04T08:49:23" hostname="ijueun-ui-MacBookPro.local" time="0.214">
  <properties/>
  <testcase name="contextLoads()" classname="com.juneco.spring.advance.ApplicationTests" time="0.214"/>
  <system-out><![CDATA[17:49:22.254 [Test worker] DEBUG org.springframework.test.context.BootstrapUtils - Instantiating CacheAwareContextLoaderDelegate from class [org.springframework.test.context.cache.DefaultCacheAwareContextLoaderDelegate]
17:49:22.261 [Test worker] DEBUG org.springframework.test.context.BootstrapUtils - Instantiating BootstrapContext using constructor [public org.springframework.test.context.support.DefaultBootstrapContext(java.lang.Class,org.springframework.test.context.CacheAwareContextLoaderDelegate)]
17:49:22.285 [Test worker] DEBUG org.springframework.test.context.BootstrapUtils - Instantiating TestContextBootstrapper for test class [com.juneco.spring.advance.ApplicationTests] from class [org.springframework.boot.test.context.SpringBootTestContextBootstrapper]
17:49:22.292 [Test worker] INFO org.springframework.boot.test.context.SpringBootTestContextBootstrapper - Neither @ContextConfiguration nor @ContextHierarchy found for test class [com.juneco.spring.advance.ApplicationTests], using SpringBootContextLoader
17:49:22.295 [Test worker] DEBUG org.springframework.test.context.support.AbstractContextLoader - Did not detect default resource location for test class [com.juneco.spring.advance.ApplicationTests]: class path resource [com/juneco/spring/advance/ApplicationTests-context.xml] does not exist
17:49:22.295 [Test worker] DEBUG org.springframework.test.context.support.AbstractContextLoader - Did not detect default resource location for test class [com.juneco.spring.advance.ApplicationTests]: class path resource [com/juneco/spring/advance/ApplicationTestsContext.groovy] does not exist
17:49:22.296 [Test worker] INFO org.springframework.test.context.support.AbstractContextLoader - Could not detect default resource locations for test class [com.juneco.spring.advance.ApplicationTests]: no resource found for suffixes {-context.xml, Context.groovy}.
17:49:22.296 [Test worker] INFO org.springframework.test.context.support.AnnotationConfigContextLoaderUtils - Could not detect default configuration classes for test class [com.juneco.spring.advance.ApplicationTests]: ApplicationTests does not declare any static, non-private, non-final, nested classes annotated with @Configuration.
17:49:22.328 [Test worker] DEBUG org.springframework.test.context.support.ActiveProfilesUtils - Could not find an 'annotation declaring class' for annotation type [org.springframework.test.context.ActiveProfiles] and class [com.juneco.spring.advance.ApplicationTests]
17:49:22.370 [Test worker] DEBUG org.springframework.context.annotation.ClassPathScanningCandidateComponentProvider - Identified candidate component class: file [/Users/june/Desktop/spring-advance/testing/build/classes/java/main/com/juneco/spring/advance/Application.class]
17:49:22.371 [Test worker] INFO org.springframework.boot.test.context.SpringBootTestContextBootstrapper - Found @SpringBootConfiguration com.juneco.spring.advance.Application for test class com.juneco.spring.advance.ApplicationTests
17:49:22.445 [Test worker] DEBUG org.springframework.boot.test.context.SpringBootTestContextBootstrapper - @TestExecutionListeners is not present for class [com.juneco.spring.advance.ApplicationTests]: using defaults.
17:49:22.446 [Test worker] INFO org.springframework.boot.test.context.SpringBootTestContextBootstrapper - Loaded default TestExecutionListener class names from location [META-INF/spring.factories]: [org.spockframework.spring.SpringMockTestExecutionListener, org.springframework.boot.test.autoconfigure.restdocs.RestDocsTestExecutionListener, org.springframework.boot.test.autoconfigure.web.client.MockRestServiceServerResetTestExecutionListener, org.springframework.boot.test.autoconfigure.web.servlet.MockMvcPrintOnlyOnFailureTestExecutionListener, org.springframework.boot.test.autoconfigure.web.servlet.WebDriverTestExecutionListener, org.springframework.boot.test.autoconfigure.webservices.client.MockWebServiceServerTestExecutionListener, org.springframework.boot.test.mock.mockito.MockitoTestExecutionListener, org.springframework.boot.test.mock.mockito.ResetMocksTestExecutionListener, org.springframework.test.context.web.ServletTestExecutionListener, org.springframework.test.context.support.DirtiesContextBeforeModesTestExecutionListener, org.springframework.test.context.event.ApplicationEventsTestExecutionListener, org.springframework.test.context.support.DependencyInjectionTestExecutionListener, org.springframework.test.context.support.DirtiesContextTestExecutionListener, org.springframework.test.context.transaction.TransactionalTestExecutionListener, org.springframework.test.context.jdbc.SqlScriptsTestExecutionListener, org.springframework.test.context.event.EventPublishingTestExecutionListener]
17:49:22.455 [Test worker] DEBUG org.springframework.boot.test.context.SpringBootTestContextBootstrapper - Skipping candidate TestExecutionListener [org.springframework.test.context.transaction.TransactionalTestExecutionListener] due to a missing dependency. Specify custom listener classes or make the default listener classes and their required dependencies available. Offending class: [org/springframework/transaction/interceptor/TransactionAttributeSource]
17:49:22.455 [Test worker] DEBUG org.springframework.boot.test.context.SpringBootTestContextBootstrapper - Skipping candidate TestExecutionListener [org.springframework.test.context.jdbc.SqlScriptsTestExecutionListener] due to a missing dependency. Specify custom listener classes or make the default listener classes and their required dependencies available. Offending class: [org/springframework/transaction/interceptor/TransactionAttribute]
17:49:22.456 [Test worker] INFO org.springframework.boot.test.context.SpringBootTestContextBootstrapper - Using TestExecutionListeners: [org.springframework.test.context.web.ServletTestExecutionListener@620aa4ea, org.springframework.test.context.support.DirtiesContextBeforeModesTestExecutionListener@2db2dd9d, org.springframework.test.context.event.ApplicationEventsTestExecutionListener@3174cb09, org.springframework.boot.test.mock.mockito.MockitoTestExecutionListener@4d411036, org.springframework.boot.test.autoconfigure.SpringBootDependencyInjectionTestExecutionListener@7adbd080, org.springframework.test.context.support.DirtiesContextTestExecutionListener@41beb473, org.springframework.test.context.event.EventPublishingTestExecutionListener@560513ce, org.springframework.boot.test.autoconfigure.restdocs.RestDocsTestExecutionListener@13006998, org.springframework.boot.test.autoconfigure.web.client.MockRestServiceServerResetTestExecutionListener@37fbe4a8, org.springframework.boot.test.autoconfigure.web.servlet.MockMvcPrintOnlyOnFailureTestExecutionListener@352c308, org.springframework.boot.test.autoconfigure.web.servlet.WebDriverTestExecutionListener@7d373bcf, org.springframework.boot.test.autoconfigure.webservices.client.MockWebServiceServerTestExecutionListener@6d6bc158, org.springframework.boot.test.mock.mockito.ResetMocksTestExecutionListener@5dda6f9, org.spockframework.spring.SpringMockTestExecutionListener@10027fc9]
17:49:22.458 [Test worker] DEBUG org.springframework.test.context.support.AbstractDirtiesContextTestExecutionListener - Before test class: context [DefaultTestContext@62f87c44 testClass = ApplicationTests, testInstance = [null], testMethod = [null], testException = [null], mergedContextConfiguration = [WebMergedContextConfiguration@48f5bde6 testClass = ApplicationTests, locations = '{}', classes = '{class com.juneco.spring.advance.Application}', contextInitializerClasses = '[]', activeProfiles = '{}', propertySourceLocations = '{}', propertySourceProperties = '{org.springframework.boot.test.context.SpringBootTestContextBootstrapper=true}', contextCustomizers = set[org.spockframework.spring.mock.SpockContextCustomizer@0, org.springframework.boot.test.autoconfigure.actuate.metrics.MetricsExportContextCustomizerFactory$DisableMetricExportContextCustomizer@63fdab07, org.springframework.boot.test.autoconfigure.properties.PropertyMappingContextCustomizer@0, org.springframework.boot.test.autoconfigure.web.servlet.WebDriverContextCustomizerFactory$Customizer@7bb6ab3a, org.springframework.boot.test.context.filter.ExcludeFilterContextCustomizer@73dce0e6, org.springframework.boot.test.json.DuplicateJsonObjectContextCustomizerFactory$DuplicateJsonObjectContextCustomizer@4795ded0, org.springframework.boot.test.mock.mockito.MockitoContextCustomizer@0, org.springframework.boot.test.web.client.TestRestTemplateContextCustomizer@31e4bb20, org.springframework.boot.test.context.SpringBootTestArgs@1, org.springframework.boot.test.context.SpringBootTestWebEnvironment@475c9c31], resourceBasePath = 'src/main/webapp', contextLoader = 'org.springframework.boot.test.context.SpringBootContextLoader', parent = [null]], attributes = map['org.springframework.test.context.web.ServletTestExecutionListener.activateListener' -> true]], class annotated with @DirtiesContext [false] with mode [null].

  .   ____          _            __ _ _
 /\\ / ___'_ __ _ _(_)_ __  __ _ \ \ \ \
( ( )\___ | '_ | '_| | '_ \/ _` | \ \ \ \
 \\/  ___)| |_)| | | | | || (_| |  ) ) ) )
  '  |____| .__|_| |_|_| |_\__, | / / / /
 =========|_|==============|___/=/_/_/_/
 :: Spring Boot ::                (v2.6.3)

2022-02-04 17:49:22.689  INFO 28694 --- [    Test worker] c.j.spring.advance.ApplicationTests      : Starting ApplicationTests using Java 11.0.12 on ijueun-ui-MacBookPro.local with PID 28694 (started by june in /Users/june/Desktop/spring-advance/testing)
2022-02-04 17:49:22.690  INFO 28694 --- [    Test worker] c.j.spring.advance.ApplicationTests      : No active profile set, falling back to default profiles: default
2022-02-04 17:49:23.888  INFO 28694 --- [    Test worker] c.j.spring.advance.ApplicationTests      : Started ApplicationTests in 1.402 seconds (JVM running for 2.229)
]]></system-out>
  <system-err><![CDATA[]]></system-err>
</testsuite>
